<?xml version="1.0" encoding="UTF-8"?>
<!-- Generated by org.testng.reporters.JUnitXMLReporter -->
<testsuite hostname="A-S2-041-LAXMI" ignored="0" name="Anahat Application App Test Cases" tests="11" failures="0" timestamp="02 Dec 2021 12:54:05 GMT" time="0.114" errors="0">
  <testcase name="@BeforeMethod setUp" time="0.006" classname="com.anahat.qa.testcases.LoginPageTest">
    <failure type="java.lang.NullPointerException">
      <![CDATA[java.lang.NullPointerException
	at com.anahat.qa.base.TestBase.init(TestBase.java:37)
	at com.anahat.qa.testcases.LoginPageTest.setUp(LoginPageTest.java:23)
... Removed 27 stack frames]]>
    </failure>
  </testcase> <!-- @BeforeMethod setUp -->
  <testcase name="@BeforeMethod setUp" time="0.001" classname="com.anahat.qa.testcases.HomePageTest">
    <failure type="java.lang.NullPointerException">
      <![CDATA[java.lang.NullPointerException
	at com.anahat.qa.base.TestBase.init(TestBase.java:37)
	at com.anahat.qa.testcases.HomePageTest.setUp(HomePageTest.java:23)
... Removed 27 stack frames]]>
    </failure>
  </testcase> <!-- @BeforeMethod setUp -->
  <testcase name="@BeforeMethod setUp" time="0.0" classname="com.anahat.qa.testcases.HomePageTest">
    <skipped/>
  </testcase> <!-- @BeforeMethod setUp -->
  <testcase name="@BeforeMethod setUp" time="0.0" classname="com.anahat.qa.testcases.LoginPageTest">
    <skipped/>
  </testcase> <!-- @BeforeMethod setUp -->
  <testcase name="@BeforeMethod setUp" time="0.0" classname="com.anahat.qa.testcases.HomePageTest">
    <skipped/>
  </testcase> <!-- @BeforeMethod setUp -->
  <testcase name="@BeforeMethod setUp" time="0.0" classname="com.anahat.qa.testcases.LoginPageTest">
    <skipped/>
  </testcase> <!-- @BeforeMethod setUp -->
  <testcase name="@BeforeMethod setUp" time="0.0" classname="com.anahat.qa.testcases.HomePageTest">
    <skipped/>
  </testcase> <!-- @BeforeMethod setUp -->
  <testcase name="@BeforeMethod setUp" time="0.0" classname="com.anahat.qa.testcases.HomePageTest">
    <skipped/>
  </testcase> <!-- @BeforeMethod setUp -->
  <testcase name="@BeforeMethod setUp" time="0.0" classname="com.anahat.qa.testcases.HomePageTest">
    <skipped/>
  </testcase> <!-- @BeforeMethod setUp -->
  <testcase name="@BeforeMethod setUp" time="0.0" classname="com.anahat.qa.testcases.HomePageTest">
    <skipped/>
  </testcase> <!-- @BeforeMethod setUp -->
  <testcase name="@BeforeMethod setUp" time="0.0" classname="com.anahat.qa.testcases.HomePageTest">
    <skipped/>
  </testcase> <!-- @BeforeMethod setUp -->
  <testcase name="loginPageTitle" time="0.001" classname="com.anahat.qa.testcases.LoginPageTest">
    <skipped/>
  </testcase> <!-- loginPageTitle -->
  <testcase name="verifyHealthScreeningLinkTest" time="0.0" classname="com.anahat.qa.testcases.HomePageTest">
    <skipped/>
  </testcase> <!-- verifyHealthScreeningLinkTest -->
  <testcase name="verifyHomePageTitleTest" time="0.0" classname="com.anahat.qa.testcases.HomePageTest">
    <skipped/>
  </testcase> <!-- verifyHomePageTitleTest -->
  <testcase name="anahatLogoImageTest" time="0.0" classname="com.anahat.qa.testcases.LoginPageTest">
    <skipped/>
  </testcase> <!-- anahatLogoImageTest -->
  <testcase name="verifyLoginUserTest" time="0.0" classname="com.anahat.qa.testcases.HomePageTest">
    <skipped/>
  </testcase> <!-- verifyLoginUserTest -->
  <testcase name="loginTest" time="0.0" classname="com.anahat.qa.testcases.LoginPageTest">
    <skipped/>
  </testcase> <!-- loginTest -->
  <testcase name="verifyAdaultLinkTest" time="0.0" classname="com.anahat.qa.testcases.HomePageTest">
    <skipped/>
  </testcase> <!-- verifyAdaultLinkTest -->
  <testcase name="verifyAdminPanelLinkLinkTest" time="0.0" classname="com.anahat.qa.testcases.HomePageTest">
    <skipped/>
  </testcase> <!-- verifyAdminPanelLinkLinkTest -->
  <testcase name="verifyBbmpDashLinkTest" time="0.0" classname="com.anahat.qa.testcases.HomePageTest">
    <skipped/>
  </testcase> <!-- verifyBbmpDashLinkTest -->
  <testcase name="verifyBbmpDiseaseProfileLinkTest" time="0.0" classname="com.anahat.qa.testcases.HomePageTest">
    <skipped/>
  </testcase> <!-- verifyBbmpDiseaseProfileLinkTest -->
  <testcase name="verifyChildrenLinkTest" time="0.0" classname="com.anahat.qa.testcases.HomePageTest">
    <skipped/>
  </testcase> <!-- verifyChildrenLinkTest -->
</testsuite> <!-- Anahat Application App Test Cases -->
