<?xml version="1.0" encoding="UTF-8"?>
<!-- Generated by org.testng.reporters.JUnitXMLReporter -->
<testsuite hostname="A-S2-041-LAXMI" ignored="0" name="Anahat Application Test Cases" tests="18" failures="0" timestamp="02 Dec 2021 12:52:33 GMT" time="0.151" errors="0">
  <testcase name="@BeforeMethod setUp" time="0.011" classname="com.anahat.qa.testcases.LoginPageTest">
    <failure type="java.lang.NullPointerException">
      <![CDATA[java.lang.NullPointerException
	at com.anahat.qa.base.TestBase.init(TestBase.java:37)
	at com.anahat.qa.testcases.LoginPageTest.setUp(LoginPageTest.java:23)
... Removed 27 stack frames]]>
    </failure>
  </testcase> <!-- @BeforeMethod setUp -->
  <testcase name="@BeforeMethod setUp" time="0.001" classname="com.anahat.qa.testcases.HomePageTest">
    <failure type="java.lang.NullPointerException">
      <![CDATA[java.lang.NullPointerException
	at com.anahat.qa.base.TestBase.init(TestBase.java:37)
	at com.anahat.qa.testcases.HomePageTest.setUp(HomePageTest.java:23)
... Removed 27 stack frames]]>
    </failure>
  </testcase> <!-- @BeforeMethod setUp -->
  <testcase name="@BeforeMethod setUp" time="0.0" classname="com.anahat.qa.testcases.HomePageTest">
    <skipped/>
  </testcase> <!-- @BeforeMethod setUp -->
  <testcase name="@BeforeMethod setUp" time="0.001" classname="com.anahat.qa.testcases.HealthScreeningPageTest">
    <failure type="java.lang.NullPointerException">
      <![CDATA[java.lang.NullPointerException
	at com.anahat.qa.base.TestBase.init(TestBase.java:37)
	at com.anahat.qa.testcases.HealthScreeningPageTest.setUp(HealthScreeningPageTest.java:24)
... Removed 27 stack frames]]>
    </failure>
  </testcase> <!-- @BeforeMethod setUp -->
  <testcase name="@BeforeMethod setUp" time="0.001" classname="com.anahat.qa.testcases.DemographicPageTest">
    <failure type="java.lang.NullPointerException">
      <![CDATA[java.lang.NullPointerException
	at com.anahat.qa.base.TestBase.init(TestBase.java:37)
	at com.anahat.qa.testcases.DemographicPageTest.setUp(DemographicPageTest.java:27)
... Removed 27 stack frames]]>
    </failure>
  </testcase> <!-- @BeforeMethod setUp -->
  <testcase name="@BeforeMethod setUp" time="0.001" classname="com.anahat.qa.testcases.ReportPageTest">
    <failure type="java.lang.NullPointerException">
      <![CDATA[java.lang.NullPointerException
	at com.anahat.qa.base.TestBase.init(TestBase.java:37)
	at com.anahat.qa.testcases.ReportPageTest.setUp(ReportPageTest.java:29)
... Removed 27 stack frames]]>
    </failure>
  </testcase> <!-- @BeforeMethod setUp -->
  <testcase name="@BeforeMethod setUp" time="0.0" classname="com.anahat.qa.testcases.LoginPageTest">
    <skipped/>
  </testcase> <!-- @BeforeMethod setUp -->
  <testcase name="@BeforeMethod setUp" time="0.0" classname="com.anahat.qa.testcases.HomePageTest">
    <skipped/>
  </testcase> <!-- @BeforeMethod setUp -->
  <testcase name="@BeforeMethod setUp" time="0.0" classname="com.anahat.qa.testcases.HealthScreeningPageTest">
    <skipped/>
  </testcase> <!-- @BeforeMethod setUp -->
  <testcase name="@BeforeMethod setUp" time="0.0" classname="com.anahat.qa.testcases.DemographicPageTest">
    <skipped/>
  </testcase> <!-- @BeforeMethod setUp -->
  <testcase name="@BeforeMethod setUp" time="0.0" classname="com.anahat.qa.testcases.ReportPageTest">
    <skipped/>
  </testcase> <!-- @BeforeMethod setUp -->
  <testcase name="@BeforeMethod setUp" time="0.0" classname="com.anahat.qa.testcases.LoginPageTest">
    <skipped/>
  </testcase> <!-- @BeforeMethod setUp -->
  <testcase name="@BeforeMethod setUp" time="0.0" classname="com.anahat.qa.testcases.ReportPageTest">
    <skipped/>
  </testcase> <!-- @BeforeMethod setUp -->
  <testcase name="@BeforeMethod setUp" time="0.0" classname="com.anahat.qa.testcases.HomePageTest">
    <skipped/>
  </testcase> <!-- @BeforeMethod setUp -->
  <testcase name="@BeforeMethod setUp" time="0.0" classname="com.anahat.qa.testcases.HomePageTest">
    <skipped/>
  </testcase> <!-- @BeforeMethod setUp -->
  <testcase name="@BeforeMethod setUp" time="0.0" classname="com.anahat.qa.testcases.HomePageTest">
    <skipped/>
  </testcase> <!-- @BeforeMethod setUp -->
  <testcase name="@BeforeMethod setUp" time="0.0" classname="com.anahat.qa.testcases.HomePageTest">
    <skipped/>
  </testcase> <!-- @BeforeMethod setUp -->
  <testcase name="@BeforeMethod setUp" time="0.0" classname="com.anahat.qa.testcases.HomePageTest">
    <skipped/>
  </testcase> <!-- @BeforeMethod setUp -->
  <testcase name="loginPageTitle" time="0.001" classname="com.anahat.qa.testcases.LoginPageTest">
    <skipped/>
  </testcase> <!-- loginPageTitle -->
  <testcase name="verifyHealthScreeningLinkTest" time="0.0" classname="com.anahat.qa.testcases.HomePageTest">
    <skipped/>
  </testcase> <!-- verifyHealthScreeningLinkTest -->
  <testcase name="verifyHomePageTitleTest" time="0.0" classname="com.anahat.qa.testcases.HomePageTest">
    <skipped/>
  </testcase> <!-- verifyHomePageTitleTest -->
  <testcase name="verifyHealthScreeningPageTitleTest" time="0.0" classname="com.anahat.qa.testcases.HealthScreeningPageTest">
    <skipped/>
  </testcase> <!-- verifyHealthScreeningPageTitleTest -->
  <testcase name="verifyDemographicPageTitleTest" time="0.0" classname="com.anahat.qa.testcases.DemographicPageTest">
    <skipped/>
  </testcase> <!-- verifyDemographicPageTitleTest -->
  <testcase name="verifyReportPageTitleTest" time="0.0" classname="com.anahat.qa.testcases.ReportPageTest">
    <skipped/>
  </testcase> <!-- verifyReportPageTitleTest -->
  <testcase name="anahatLogoImageTest" time="0.0" classname="com.anahat.qa.testcases.LoginPageTest">
    <skipped/>
  </testcase> <!-- anahatLogoImageTest -->
  <testcase name="verifyLoginUserTest" time="0.0" classname="com.anahat.qa.testcases.HomePageTest">
    <skipped/>
  </testcase> <!-- verifyLoginUserTest -->
  <testcase name="verifyGenderTest" time="0.0" classname="com.anahat.qa.testcases.HealthScreeningPageTest">
    <skipped/>
  </testcase> <!-- verifyGenderTest -->
  <testcase name="verifyDemographicDeatilesTest" time="0.0" classname="com.anahat.qa.testcases.DemographicPageTest">
    <skipped/>
  </testcase> <!-- verifyDemographicDeatilesTest -->
  <testcase name="VitalReportTest" time="0.0" classname="com.anahat.qa.testcases.ReportPageTest">
    <skipped/>
  </testcase> <!-- VitalReportTest -->
  <testcase name="loginTest" time="0.0" classname="com.anahat.qa.testcases.LoginPageTest">
    <skipped/>
  </testcase> <!-- loginTest -->
  <testcase name="DiagnosisReportTest" time="0.0" classname="com.anahat.qa.testcases.ReportPageTest">
    <skipped/>
  </testcase> <!-- DiagnosisReportTest -->
  <testcase name="verifyAdaultLinkTest" time="0.0" classname="com.anahat.qa.testcases.HomePageTest">
    <skipped/>
  </testcase> <!-- verifyAdaultLinkTest -->
  <testcase name="verifyAdminPanelLinkLinkTest" time="0.0" classname="com.anahat.qa.testcases.HomePageTest">
    <skipped/>
  </testcase> <!-- verifyAdminPanelLinkLinkTest -->
  <testcase name="verifyBbmpDashLinkTest" time="0.0" classname="com.anahat.qa.testcases.HomePageTest">
    <skipped/>
  </testcase> <!-- verifyBbmpDashLinkTest -->
  <testcase name="verifyBbmpDiseaseProfileLinkTest" time="0.0" classname="com.anahat.qa.testcases.HomePageTest">
    <skipped/>
  </testcase> <!-- verifyBbmpDiseaseProfileLinkTest -->
  <testcase name="verifyChildrenLinkTest" time="0.0" classname="com.anahat.qa.testcases.HomePageTest">
    <skipped/>
  </testcase> <!-- verifyChildrenLinkTest -->
</testsuite> <!-- Anahat Application Test Cases -->
